<?xml version="1.0" encoding="utf-8"?><testsuites name="pytest tests"><testsuite name="pytest" errors="0" failures="0" skipped="0" tests="16" time="2.653" timestamp="2026-07-15T15:23:06.965600+00:00" hostname="agent-env-1ed2eeb9-ea32-46d3-873f-ca39a93c467d"><testcase classname="tests.test_iteration2.TestDealroomImport" name="test_import_small_csv" time="1.151" /><testcase classname="tests.test_iteration2.TestInvestmentCashFlows" name="test_create_company_for_investment" time="1.151" /><testcase classname="tests.test_iteration2.TestDealroomImport" name="test_reimport_updates" time="0.125" /><testcase classname="tests.test_iteration2.TestInvestmentCashFlows" name="test_create_investment_seeds_call" time="0.050" /><testcase classname="tests.test_iteration2.TestInvestmentCashFlows" name="test_add_distribution_cash_flow" time="0.069" /><testcase classname="tests.test_iteration2.TestInvestmentCashFlows" name="test_patch_investment_current_value" time="0.067" /><testcase classname="tests.test_iteration2.TestDealroomImport" name="test_imported_company_has_dealroom_fields" time="0.046" /><testcase classname="tests.test_iteration2.TestDealroomImport" name="test_cleanup" time="0.227" /><testcase classname="tests.test_iteration2.TestInvestmentCashFlows" name="test_irr_computed_after_flows" time="0.089" /><testcase classname="tests.test_iteration2.TestInvestmentCashFlows" name="test_remove_cash_flow" time="0.118" /><testcase classname="tests.test_iteration2.TestInvestmentCashFlows" name="test_cleanup_investment" time="0.102" /><testcase classname="tests.test_iteration2.TestCompanyPatch" name="test_create_company" time="0.051" /><testcase classname="tests.test_iteration2.TestCompanyPatch" name="test_patch_multiple_fields_and_persist" time="0.146" /><testcase classname="tests.test_iteration2.TestMetrics" name="test_metrics_has_irr_field" time="0.060" /><testcase classname="tests.test_iteration2.TestLPExport" name="test_lp_report_csv" time="0.095" /><testcase classname="tests.test_iteration2.TestCompanyPatch" name="test_cleanup" time="0.049" /></testsuite></testsuites>